Using pre-set license
Built from '2020.3/staging' branch; Version is '2020.3.6f1 (338bb68529b2) revision 3378102'; Using compiler version '192528614'; Build Type 'Release'
OS: 'Windows 10 Home; OS build 19042.1237; Version 2009; 64bit' Language: 'en' Physical Memory: 16146 MB
BatchMode: 1, IsHumanControllingUs: 0, StartBugReporterOnCrash: 0, Is64bit: 1, IsPro: 0

 COMMAND LINE ARGUMENTS:
C:\Program Files\2020.3.6f1\Editor\Unity.exe
-adb2
-batchMode
-noUpm
-name
AssetImportWorker0
-projectPath
C:/Users/colin/OneDrive/Desktop/Unity Projects/Terrain Editing
-logFile
Logs/AssetImportWorker0.log
-srvPort
54551
Successfully changed project path to: C:/Users/colin/OneDrive/Desktop/Unity Projects/Terrain Editing
C:/Users/colin/OneDrive/Desktop/Unity Projects/Terrain Editing
Using Asset Import Pipeline V2.
Refreshing native plugins compatible for Editor in 20.96 ms, found 0 plugins.
Preloading 0 native plugins for Editor in 0.00 ms.
Initialize engine version: 2020.3.6f1 (338bb68529b2)
[Subsystems] Discovering subsystems at path C:/Program Files/2020.3.6f1/Editor/Data/Resources/UnitySubsystems
[Subsystems] Discovering subsystems at path C:/Users/colin/OneDrive/Desktop/Unity Projects/Terrain Editing/Assets
GfxDevice: creating device client; threaded=0
Direct3D:
    Version:  Direct3D 11.0 [level 11.1]
    Renderer: NVIDIA GeForce RTX 3070 Laptop GPU (ID=0x24dd)
    Vendor:   
    VRAM:     8044 MB
    Driver:   30.0.14.7196
Initialize mono
Mono path[0] = 'C:/Program Files/2020.3.6f1/Editor/Data/Managed'
Mono path[1] = 'C:/Program Files/2020.3.6f1/Editor/Data/MonoBleedingEdge/lib/mono/unityjit'
Mono config path = 'C:/Program Files/2020.3.6f1/Editor/Data/MonoBleedingEdge/etc'
Using monoOptions --debugger-agent=transport=dt_socket,embedding=1,server=y,suspend=n,address=127.0.0.1:56460
Begin MonoManager ReloadAssembly
Registering precompiled unity dll's ...
Register platform support module: C:/Program Files/2020.3.6f1/Editor/Data/PlaybackEngines/WindowsStandaloneSupport/UnityEditor.WindowsStandalone.Extensions.dll
Registered in 0.001981 seconds.
Native extension for WindowsStandalone target not found
Refreshing native plugins compatible for Editor in 22.13 ms, found 0 plugins.
Preloading 0 native plugins for Editor in 0.00 ms.
Mono: successfully reloaded assembly
- Completed reload, in  1.694 seconds
Platform modules already initialized, skipping
Registering precompiled user dll's ...
Registered in 0.000762 seconds.
Begin MonoManager ReloadAssembly
Native extension for WindowsStandalone target not found
Refreshing native plugins compatible for Editor in 0.30 ms, found 0 plugins.
Preloading 0 native plugins for Editor in 0.00 ms.
Mono: successfully reloaded assembly
- Completed reload, in  0.792 seconds
Platform modules already initialized, skipping
========================================================================
Worker process is ready to serve import requests
Launched and connected shader compiler UnityShaderCompiler.exe after 0.04 seconds
Refreshing native plugins compatible for Editor in 0.18 ms, found 0 plugins.
Preloading 0 native plugins for Editor in 0.00 ms.
Unloading 1116 Unused Serialized files (Serialized files now loaded: 0)
System memory in use before: 69.6 MB.
System memory in use after: 69.6 MB.

Unloading 10 unused Assets to reduce memory usage. Loaded Objects now: 1575.
Total: 1.751600 ms (FindLiveObjects: 0.191000 ms CreateObjectMapping: 0.262200 ms MarkObjects: 1.214500 ms  DeleteObjects: 0.083000 ms)

========================================================================
Received Import Request.
  path: Assets/GliderMovement.cs
  artifactKey: Guid(5f4391901ccd4d5469c8ed522d8e25ae) Importer(815301076,1909f56bfc062723c751e8b465ee728b)
Start importing Assets/GliderMovement.cs using Guid(5f4391901ccd4d5469c8ed522d8e25ae) Importer(815301076,1909f56bfc062723c751e8b465ee728b)  -> (artifact id: '4151674ff12b63907534c8d36b4ba378') in 0.023776 seconds
  Import took 0.025573 seconds .

========================================================================
Received Prepare
Registering precompiled user dll's ...
Registered in 0.000880 seconds.
Begin MonoManager ReloadAssembly
Native extension for WindowsStandalone target not found
Refreshing native plugins compatible for Editor in 0.20 ms, found 0 plugins.
Preloading 0 native plugins for Editor in 0.00 ms.
Mono: successfully reloaded assembly
- Completed reload, in  0.752 seconds
Platform modules already initialized, skipping
Refreshing native plugins compatible for Editor in 0.19 ms, found 0 plugins.
Preloading 0 native plugins for Editor in 0.00 ms.
Unloading 1111 Unused Serialized files (Serialized files now loaded: 0)
System memory in use before: 69.3 MB.
System memory in use after: 69.4 MB.

Unloading 5 unused Assets to reduce memory usage. Loaded Objects now: 1578.
Total: 1.502800 ms (FindLiveObjects: 0.137900 ms CreateObjectMapping: 0.034200 ms MarkObjects: 1.199900 ms  DeleteObjects: 0.129400 ms)

========================================================================
Received Import Request.
  Time since last request: 120.754196 seconds.
  path: Assets/GliderMovement.cs
  artifactKey: Guid(5f4391901ccd4d5469c8ed522d8e25ae) Importer(815301076,1909f56bfc062723c751e8b465ee728b)
Start importing Assets/GliderMovement.cs using Guid(5f4391901ccd4d5469c8ed522d8e25ae) Importer(815301076,1909f56bfc062723c751e8b465ee728b)  -> (artifact id: '988d4e23b367c1978e70d7ff23a8a57a') in 0.008184 seconds
  Import took 0.009853 seconds .

========================================================================
Received Import Request.
  Time since last request: 1.532225 seconds.
  path: Assets/GliderMovement.cs
  artifactKey: Guid(5f4391901ccd4d5469c8ed522d8e25ae) Importer(815301076,1909f56bfc062723c751e8b465ee728b)
Start importing Assets/GliderMovement.cs using Guid(5f4391901ccd4d5469c8ed522d8e25ae) Importer(815301076,1909f56bfc062723c751e8b465ee728b)  -> (artifact id: '988d4e23b367c1978e70d7ff23a8a57a') in 0.003131 seconds
  Import took 0.004745 seconds .

========================================================================
Received Prepare
Registering precompiled user dll's ...
Registered in 0.000802 seconds.
Begin MonoManager ReloadAssembly
Native extension for WindowsStandalone target not found
Refreshing native plugins compatible for Editor in 0.21 ms, found 0 plugins.
Preloading 0 native plugins for Editor in 0.00 ms.
Mono: successfully reloaded assembly
- Completed reload, in  0.744 seconds
Platform modules already initialized, skipping
Refreshing native plugins compatible for Editor in 0.20 ms, found 0 plugins.
Preloading 0 native plugins for Editor in 0.00 ms.
Unloading 1111 Unused Serialized files (Serialized files now loaded: 0)
System memory in use before: 69.4 MB.
System memory in use after: 69.4 MB.

Unloading 5 unused Assets to reduce memory usage. Loaded Objects now: 1581.
Total: 2.332600 ms (FindLiveObjects: 0.435600 ms CreateObjectMapping: 0.137100 ms MarkObjects: 1.633100 ms  DeleteObjects: 0.125600 ms)

========================================================================
Received Import Request.
  Time since last request: 21.175389 seconds.
  path: Assets/GliderMovement.cs
  artifactKey: Guid(5f4391901ccd4d5469c8ed522d8e25ae) Importer(815301076,1909f56bfc062723c751e8b465ee728b)
Start importing Assets/GliderMovement.cs using Guid(5f4391901ccd4d5469c8ed522d8e25ae) Importer(815301076,1909f56bfc062723c751e8b465ee728b)  -> (artifact id: '5e454bc3eea35b78dd2f41ef98537eab') in 0.006533 seconds
  Import took 0.008528 seconds .

========================================================================
Received Import Request.
  Time since last request: 1.117633 seconds.
  path: Assets/GliderMovement.cs
  artifactKey: Guid(5f4391901ccd4d5469c8ed522d8e25ae) Importer(815301076,1909f56bfc062723c751e8b465ee728b)
Start importing Assets/GliderMovement.cs using Guid(5f4391901ccd4d5469c8ed522d8e25ae) Importer(815301076,1909f56bfc062723c751e8b465ee728b)  -> (artifact id: '5e454bc3eea35b78dd2f41ef98537eab') in 0.003644 seconds
  Import took 0.005391 seconds .

========================================================================
Received Prepare
Registering precompiled user dll's ...
Registered in 0.000932 seconds.
Begin MonoManager ReloadAssembly
Native extension for WindowsStandalone target not found
Refreshing native plugins compatible for Editor in 0.20 ms, found 0 plugins.
Preloading 0 native plugins for Editor in 0.00 ms.
Mono: successfully reloaded assembly
- Completed reload, in  0.755 seconds
Platform modules already initialized, skipping
Refreshing native plugins compatible for Editor in 0.19 ms, found 0 plugins.
Preloading 0 native plugins for Editor in 0.00 ms.
Unloading 1111 Unused Serialized files (Serialized files now loaded: 0)
System memory in use before: 69.4 MB.
System memory in use after: 69.5 MB.

Unloading 5 unused Assets to reduce memory usage. Loaded Objects now: 1584.
Total: 2.228300 ms (FindLiveObjects: 0.349900 ms CreateObjectMapping: 0.085100 ms MarkObjects: 1.730700 ms  DeleteObjects: 0.061300 ms)

========================================================================
Received Import Request.
  Time since last request: 42.268145 seconds.
  path: Assets/GliderMovement.cs
  artifactKey: Guid(5f4391901ccd4d5469c8ed522d8e25ae) Importer(815301076,1909f56bfc062723c751e8b465ee728b)
Start importing Assets/GliderMovement.cs using Guid(5f4391901ccd4d5469c8ed522d8e25ae) Importer(815301076,1909f56bfc062723c751e8b465ee728b)  -> (artifact id: '94ababbef3b007a5cb543f85bafcc09a') in 0.004737 seconds
  Import took 0.006704 seconds .

========================================================================
Received Import Request.
  Time since last request: 1.194421 seconds.
  path: Assets/GliderMovement.cs
  artifactKey: Guid(5f4391901ccd4d5469c8ed522d8e25ae) Importer(815301076,1909f56bfc062723c751e8b465ee728b)
Start importing Assets/GliderMovement.cs using Guid(5f4391901ccd4d5469c8ed522d8e25ae) Importer(815301076,1909f56bfc062723c751e8b465ee728b)  -> (artifact id: '94ababbef3b007a5cb543f85bafcc09a') in 0.003163 seconds
  Import took 0.005043 seconds .

========================================================================
Received Prepare
Registering precompiled user dll's ...
Registered in 0.000902 seconds.
Begin MonoManager ReloadAssembly
Native extension for WindowsStandalone target not found
Refreshing native plugins compatible for Editor in 0.29 ms, found 0 plugins.
Preloading 0 native plugins for Editor in 0.00 ms.
Mono: successfully reloaded assembly
- Completed reload, in  0.736 seconds
Platform modules already initialized, skipping
Refreshing native plugins compatible for Editor in 0.20 ms, found 0 plugins.
Preloading 0 native plugins for Editor in 0.00 ms.
Unloading 1111 Unused Serialized files (Serialized files now loaded: 0)
System memory in use before: 69.4 MB.
System memory in use after: 69.5 MB.

Unloading 5 unused Assets to reduce memory usage. Loaded Objects now: 1587.
Total: 2.463800 ms (FindLiveObjects: 0.300600 ms CreateObjectMapping: 0.138500 ms MarkObjects: 1.863600 ms  DeleteObjects: 0.159200 ms)

========================================================================
Received Import Request.
  Time since last request: 70.202650 seconds.
  path: Assets/GliderMovement.cs
  artifactKey: Guid(5f4391901ccd4d5469c8ed522d8e25ae) Importer(815301076,1909f56bfc062723c751e8b465ee728b)
Start importing Assets/GliderMovement.cs using Guid(5f4391901ccd4d5469c8ed522d8e25ae) Importer(815301076,1909f56bfc062723c751e8b465ee728b)  -> (artifact id: 'aac5c70e0a815a4296cd890bb987e6c9') in 0.008008 seconds
  Import took 0.010027 seconds .

========================================================================
Received Import Request.
  Time since last request: 1.275836 seconds.
  path: Assets/GliderMovement.cs
  artifactKey: Guid(5f4391901ccd4d5469c8ed522d8e25ae) Importer(815301076,1909f56bfc062723c751e8b465ee728b)
Start importing Assets/GliderMovement.cs using Guid(5f4391901ccd4d5469c8ed522d8e25ae) Importer(815301076,1909f56bfc062723c751e8b465ee728b)  -> (artifact id: 'aac5c70e0a815a4296cd890bb987e6c9') in 0.003392 seconds
  Import took 0.005052 seconds .

========================================================================
Received Prepare
Registering precompiled user dll's ...
Registered in 0.001017 seconds.
Begin MonoManager ReloadAssembly
Native extension for WindowsStandalone target not found
Refreshing native plugins compatible for Editor in 0.19 ms, found 0 plugins.
Preloading 0 native plugins for Editor in 0.00 ms.
Mono: successfully reloaded assembly
- Completed reload, in  0.726 seconds
Platform modules already initialized, skipping
Refreshing native plugins compatible for Editor in 0.19 ms, found 0 plugins.
Preloading 0 native plugins for Editor in 0.00 ms.
Unloading 1111 Unused Serialized files (Serialized files now loaded: 0)
System memory in use before: 69.4 MB.
System memory in use after: 69.5 MB.

Unloading 5 unused Assets to reduce memory usage. Loaded Objects now: 1590.
Total: 1.760400 ms (FindLiveObjects: 0.144100 ms CreateObjectMapping: 0.038100 ms MarkObjects: 1.473100 ms  DeleteObjects: 0.104200 ms)

========================================================================
Received Import Request.
  Time since last request: 28.947244 seconds.
  path: Assets/GliderMovement.cs
  artifactKey: Guid(5f4391901ccd4d5469c8ed522d8e25ae) Importer(815301076,1909f56bfc062723c751e8b465ee728b)
Start importing Assets/GliderMovement.cs using Guid(5f4391901ccd4d5469c8ed522d8e25ae) Importer(815301076,1909f56bfc062723c751e8b465ee728b)  -> (artifact id: '7444e8268b9ac276e0e33a5875d3e34d') in 0.004745 seconds
  Import took 0.006462 seconds .

========================================================================
Received Import Request.
  Time since last request: 1.125949 seconds.
  path: Assets/GliderMovement.cs
  artifactKey: Guid(5f4391901ccd4d5469c8ed522d8e25ae) Importer(815301076,1909f56bfc062723c751e8b465ee728b)
Start importing Assets/GliderMovement.cs using Guid(5f4391901ccd4d5469c8ed522d8e25ae) Importer(815301076,1909f56bfc062723c751e8b465ee728b)  -> (artifact id: '7444e8268b9ac276e0e33a5875d3e34d') in 0.002373 seconds
  Import took 0.004069 seconds .

========================================================================
Received Prepare
Registering precompiled user dll's ...
Registered in 0.000679 seconds.
Begin MonoManager ReloadAssembly
Native extension for WindowsStandalone target not found
Refreshing native plugins compatible for Editor in 0.20 ms, found 0 plugins.
Preloading 0 native plugins for Editor in 0.00 ms.
Mono: successfully reloaded assembly
- Completed reload, in  0.784 seconds
Platform modules already initialized, skipping
Refreshing native plugins compatible for Editor in 0.19 ms, found 0 plugins.
Preloading 0 native plugins for Editor in 0.00 ms.
Unloading 1111 Unused Serialized files (Serialized files now loaded: 0)
System memory in use before: 69.4 MB.
System memory in use after: 69.5 MB.

Unloading 5 unused Assets to reduce memory usage. Loaded Objects now: 1593.
Total: 1.810700 ms (FindLiveObjects: 0.144300 ms CreateObjectMapping: 0.048400 ms MarkObjects: 1.520200 ms  DeleteObjects: 0.096400 ms)

========================================================================
Received Import Request.
  Time since last request: 29.795790 seconds.
  path: Assets/GliderMovement.cs
  artifactKey: Guid(5f4391901ccd4d5469c8ed522d8e25ae) Importer(815301076,1909f56bfc062723c751e8b465ee728b)
Start importing Assets/GliderMovement.cs using Guid(5f4391901ccd4d5469c8ed522d8e25ae) Importer(815301076,1909f56bfc062723c751e8b465ee728b)  -> (artifact id: '2e70f640bb8316cdf47ec81f3288bb87') in 0.006369 seconds
  Import took 0.008082 seconds .

========================================================================
Received Import Request.
  Time since last request: 1.146518 seconds.
  path: Assets/GliderMovement.cs
  artifactKey: Guid(5f4391901ccd4d5469c8ed522d8e25ae) Importer(815301076,1909f56bfc062723c751e8b465ee728b)
Start importing Assets/GliderMovement.cs using Guid(5f4391901ccd4d5469c8ed522d8e25ae) Importer(815301076,1909f56bfc062723c751e8b465ee728b)  -> (artifact id: '2e70f640bb8316cdf47ec81f3288bb87') in 0.003585 seconds
  Import took 0.005789 seconds .

========================================================================
Received Prepare
Registering precompiled user dll's ...
Registered in 0.000719 seconds.
Begin MonoManager ReloadAssembly
Native extension for WindowsStandalone target not found
Refreshing native plugins compatible for Editor in 0.22 ms, found 0 plugins.
Preloading 0 native plugins for Editor in 0.00 ms.
Mono: successfully reloaded assembly
- Completed reload, in  0.735 seconds
Platform modules already initialized, skipping
Refreshing native plugins compatible for Editor in 0.19 ms, found 0 plugins.
Preloading 0 native plugins for Editor in 0.00 ms.
Unloading 1111 Unused Serialized files (Serialized files now loaded: 0)
System memory in use before: 69.4 MB.
System memory in use after: 69.5 MB.

Unloading 5 unused Assets to reduce memory usage. Loaded Objects now: 1596.
Total: 1.687700 ms (FindLiveObjects: 0.265000 ms CreateObjectMapping: 0.048400 ms MarkObjects: 1.298100 ms  DeleteObjects: 0.075200 ms)

========================================================================
Received Import Request.
  Time since last request: 33.362192 seconds.
  path: Assets/GliderMovement.cs
  artifactKey: Guid(5f4391901ccd4d5469c8ed522d8e25ae) Importer(815301076,1909f56bfc062723c751e8b465ee728b)
Start importing Assets/GliderMovement.cs using Guid(5f4391901ccd4d5469c8ed522d8e25ae) Importer(815301076,1909f56bfc062723c751e8b465ee728b)  -> (artifact id: '3365c092b459ecd20613350bb4c97fa2') in 0.003976 seconds
  Import took 0.005647 seconds .

========================================================================
Received Import Request.
  Time since last request: 1.121906 seconds.
  path: Assets/GliderMovement.cs
  artifactKey: Guid(5f4391901ccd4d5469c8ed522d8e25ae) Importer(815301076,1909f56bfc062723c751e8b465ee728b)
Start importing Assets/GliderMovement.cs using Guid(5f4391901ccd4d5469c8ed522d8e25ae) Importer(815301076,1909f56bfc062723c751e8b465ee728b)  -> (artifact id: '3365c092b459ecd20613350bb4c97fa2') in 0.003379 seconds
  Import took 0.005083 seconds .

========================================================================
Received Prepare
Registering precompiled user dll's ...
Registered in 0.000688 seconds.
Begin MonoManager ReloadAssembly
Native extension for WindowsStandalone target not found
Refreshing native plugins compatible for Editor in 0.20 ms, found 0 plugins.
Preloading 0 native plugins for Editor in 0.00 ms.
Mono: successfully reloaded assembly
- Completed reload, in  0.741 seconds
Platform modules already initialized, skipping
Refreshing native plugins compatible for Editor in 0.21 ms, found 0 plugins.
Preloading 0 native plugins for Editor in 0.00 ms.
Unloading 1111 Unused Serialized files (Serialized files now loaded: 0)
System memory in use before: 69.4 MB.
System memory in use after: 69.5 MB.

Unloading 5 unused Assets to reduce memory usage. Loaded Objects now: 1599.
Total: 1.688600 ms (FindLiveObjects: 0.168900 ms CreateObjectMapping: 0.039500 ms MarkObjects: 1.375000 ms  DeleteObjects: 0.104100 ms)

========================================================================
Received Import Request.
  Time since last request: 22.384992 seconds.
  path: Assets/GliderMovement.cs
  artifactKey: Guid(5f4391901ccd4d5469c8ed522d8e25ae) Importer(815301076,1909f56bfc062723c751e8b465ee728b)
Start importing Assets/GliderMovement.cs using Guid(5f4391901ccd4d5469c8ed522d8e25ae) Importer(815301076,1909f56bfc062723c751e8b465ee728b)  -> (artifact id: '1450bef320e7e80b1349fd16cbc1e351') in 0.003902 seconds
  Import took 0.005804 seconds .

========================================================================
Received Import Request.
  Time since last request: 1.311480 seconds.
  path: Assets/GliderMovement.cs
  artifactKey: Guid(5f4391901ccd4d5469c8ed522d8e25ae) Importer(815301076,1909f56bfc062723c751e8b465ee728b)
Start importing Assets/GliderMovement.cs using Guid(5f4391901ccd4d5469c8ed522d8e25ae) Importer(815301076,1909f56bfc062723c751e8b465ee728b)  -> (artifact id: '1450bef320e7e80b1349fd16cbc1e351') in 0.003985 seconds
  Import took 0.005739 seconds .

========================================================================
Received Prepare
Registering precompiled user dll's ...
Registered in 0.000711 seconds.
Begin MonoManager ReloadAssembly
Native extension for WindowsStandalone target not found
Refreshing native plugins compatible for Editor in 0.22 ms, found 0 plugins.
Preloading 0 native plugins for Editor in 0.00 ms.
Mono: successfully reloaded assembly
- Completed reload, in  0.730 seconds
Platform modules already initialized, skipping
Refreshing native plugins compatible for Editor in 0.22 ms, found 0 plugins.
Preloading 0 native plugins for Editor in 0.00 ms.
Unloading 1111 Unused Serialized files (Serialized files now loaded: 0)
System memory in use before: 69.4 MB.
System memory in use after: 69.5 MB.

Unloading 5 unused Assets to reduce memory usage. Loaded Objects now: 1602.
Total: 1.626500 ms (FindLiveObjects: 0.154900 ms CreateObjectMapping: 0.046500 ms MarkObjects: 1.354400 ms  DeleteObjects: 0.069500 ms)

========================================================================
Received Prepare
Registering precompiled user dll's ...
Registered in 0.000959 seconds.
Begin MonoManager ReloadAssembly
Native extension for WindowsStandalone target not found
Refreshing native plugins compatible for Editor in 0.64 ms, found 0 plugins.
Preloading 0 native plugins for Editor in 0.00 ms.
Mono: successfully reloaded assembly
- Completed reload, in  0.744 seconds
Platform modules already initialized, skipping
Refreshing native plugins compatible for Editor in 0.19 ms, found 0 plugins.
Preloading 0 native plugins for Editor in 0.00 ms.
Unloading 1111 Unused Serialized files (Serialized files now loaded: 0)
System memory in use before: 69.4 MB.
System memory in use after: 69.5 MB.

Unloading 5 unused Assets to reduce memory usage. Loaded Objects now: 1605.
Total: 1.773100 ms (FindLiveObjects: 0.348800 ms CreateObjectMapping: 0.035800 ms MarkObjects: 1.286200 ms  DeleteObjects: 0.101300 ms)

========================================================================
Received Import Request.
  Time since last request: 65.821001 seconds.
  path: Assets/GliderMovement.cs
  artifactKey: Guid(5f4391901ccd4d5469c8ed522d8e25ae) Importer(815301076,1909f56bfc062723c751e8b465ee728b)
Start importing Assets/GliderMovement.cs using Guid(5f4391901ccd4d5469c8ed522d8e25ae) Importer(815301076,1909f56bfc062723c751e8b465ee728b)  -> (artifact id: '18049dab53daf35bf02d428781daaad6') in 0.004268 seconds
  Import took 0.006059 seconds .

========================================================================
Received Import Request.
  Time since last request: 1.133698 seconds.
  path: Assets/GliderMovement.cs
  artifactKey: Guid(5f4391901ccd4d5469c8ed522d8e25ae) Importer(815301076,1909f56bfc062723c751e8b465ee728b)
Start importing Assets/GliderMovement.cs using Guid(5f4391901ccd4d5469c8ed522d8e25ae) Importer(815301076,1909f56bfc062723c751e8b465ee728b)  -> (artifact id: '18049dab53daf35bf02d428781daaad6') in 0.003244 seconds
  Import took 0.005026 seconds .

========================================================================
Received Prepare
Registering precompiled user dll's ...
Registered in 0.000569 seconds.
Begin MonoManager ReloadAssembly
Native extension for WindowsStandalone target not found
Refreshing native plugins compatible for Editor in 0.22 ms, found 0 plugins.
Preloading 0 native plugins for Editor in 0.00 ms.
Mono: successfully reloaded assembly
- Completed reload, in  0.730 seconds
Platform modules already initialized, skipping
Refreshing native plugins compatible for Editor in 0.19 ms, found 0 plugins.
Preloading 0 native plugins for Editor in 0.00 ms.
Unloading 1111 Unused Serialized files (Serialized files now loaded: 0)
System memory in use before: 69.4 MB.
System memory in use after: 69.5 MB.

Unloading 5 unused Assets to reduce memory usage. Loaded Objects now: 1608.
Total: 1.726600 ms (FindLiveObjects: 0.194100 ms CreateObjectMapping: 0.046900 ms MarkObjects: 1.426300 ms  DeleteObjects: 0.058300 ms)

========================================================================
Received Import Request.
  Time since last request: 41.737155 seconds.
  path: Assets/GliderMovement.cs
  artifactKey: Guid(5f4391901ccd4d5469c8ed522d8e25ae) Importer(815301076,1909f56bfc062723c751e8b465ee728b)
Start importing Assets/GliderMovement.cs using Guid(5f4391901ccd4d5469c8ed522d8e25ae) Importer(815301076,1909f56bfc062723c751e8b465ee728b)  -> (artifact id: '466a4a5d9373cbb79cd3c1f53caf6840') in 0.004256 seconds
  Import took 0.005972 seconds .

========================================================================
Received Import Request.
  Time since last request: 1.128189 seconds.
  path: Assets/GliderMovement.cs
  artifactKey: Guid(5f4391901ccd4d5469c8ed522d8e25ae) Importer(815301076,1909f56bfc062723c751e8b465ee728b)
Start importing Assets/GliderMovement.cs using Guid(5f4391901ccd4d5469c8ed522d8e25ae) Importer(815301076,1909f56bfc062723c751e8b465ee728b)  -> (artifact id: '466a4a5d9373cbb79cd3c1f53caf6840') in 0.003614 seconds
  Import took 0.005235 seconds .

========================================================================
Received Prepare
Registering precompiled user dll's ...
Registered in 0.000793 seconds.
Begin MonoManager ReloadAssembly
Native extension for WindowsStandalone target not found
Refreshing native plugins compatible for Editor in 0.22 ms, found 0 plugins.
Preloading 0 native plugins for Editor in 0.00 ms.
Mono: successfully reloaded assembly
- Completed reload, in  0.705 seconds
Platform modules already initialized, skipping
Refreshing native plugins compatible for Editor in 0.18 ms, found 0 plugins.
Preloading 0 native plugins for Editor in 0.00 ms.
Unloading 1111 Unused Serialized files (Serialized files now loaded: 0)
System memory in use before: 69.5 MB.
System memory in use after: 69.5 MB.

Unloading 5 unused Assets to reduce memory usage. Loaded Objects now: 1611.
Total: 1.655500 ms (FindLiveObjects: 0.159600 ms CreateObjectMapping: 0.051400 ms MarkObjects: 1.336800 ms  DeleteObjects: 0.107000 ms)

========================================================================
Received Import Request.
  Time since last request: 50.668240 seconds.
  path: Assets/GliderMovement.cs
  artifactKey: Guid(5f4391901ccd4d5469c8ed522d8e25ae) Importer(815301076,1909f56bfc062723c751e8b465ee728b)
Start importing Assets/GliderMovement.cs using Guid(5f4391901ccd4d5469c8ed522d8e25ae) Importer(815301076,1909f56bfc062723c751e8b465ee728b)  -> (artifact id: '83c6932d67f4f9dd04907fb6fd34bfff') in 0.004257 seconds
  Import took 0.005978 seconds .

========================================================================
Received Import Request.
  Time since last request: 1.052381 seconds.
  path: Assets/GliderMovement.cs
  artifactKey: Guid(5f4391901ccd4d5469c8ed522d8e25ae) Importer(815301076,1909f56bfc062723c751e8b465ee728b)
Start importing Assets/GliderMovement.cs using Guid(5f4391901ccd4d5469c8ed522d8e25ae) Importer(815301076,1909f56bfc062723c751e8b465ee728b)  -> (artifact id: '83c6932d67f4f9dd04907fb6fd34bfff') in 0.002342 seconds
  Import took 0.004322 seconds .

========================================================================
Received Prepare
Registering precompiled user dll's ...
Registered in 0.000860 seconds.
Begin MonoManager ReloadAssembly
Native extension for WindowsStandalone target not found
Refreshing native plugins compatible for Editor in 0.19 ms, found 0 plugins.
Preloading 0 native plugins for Editor in 0.00 ms.
Mono: successfully reloaded assembly
- Completed reload, in  0.739 seconds
Platform modules already initialized, skipping
Refreshing native plugins compatible for Editor in 0.19 ms, found 0 plugins.
Preloading 0 native plugins for Editor in 0.00 ms.
Unloading 1111 Unused Serialized files (Serialized files now loaded: 0)
System memory in use before: 69.5 MB.
System memory in use after: 69.5 MB.

Unloading 5 unused Assets to reduce memory usage. Loaded Objects now: 1614.
Total: 1.850900 ms (FindLiveObjects: 0.260200 ms CreateObjectMapping: 0.176400 ms MarkObjects: 1.352900 ms  DeleteObjects: 0.060100 ms)

========================================================================
Received Import Request.
  Time since last request: 45.717919 seconds.
  path: Assets/GliderMovement.cs
  artifactKey: Guid(5f4391901ccd4d5469c8ed522d8e25ae) Importer(815301076,1909f56bfc062723c751e8b465ee728b)
Start importing Assets/GliderMovement.cs using Guid(5f4391901ccd4d5469c8ed522d8e25ae) Importer(815301076,1909f56bfc062723c751e8b465ee728b)  -> (artifact id: 'f9a4fcc03359bd480c028a17e63915b0') in 0.004038 seconds
  Import took 0.006233 seconds .

========================================================================
Received Import Request.
  Time since last request: 1.003150 seconds.
  path: Assets/GliderMovement.cs
  artifactKey: Guid(5f4391901ccd4d5469c8ed522d8e25ae) Importer(815301076,1909f56bfc062723c751e8b465ee728b)
Start importing Assets/GliderMovement.cs using Guid(5f4391901ccd4d5469c8ed522d8e25ae) Importer(815301076,1909f56bfc062723c751e8b465ee728b)  -> (artifact id: 'f9a4fcc03359bd480c028a17e63915b0') in 0.003218 seconds
  Import took 0.005237 seconds .

========================================================================
Received Prepare
Registering precompiled user dll's ...
Registered in 0.000765 seconds.
Begin MonoManager ReloadAssembly
Native extension for WindowsStandalone target not found
Refreshing native plugins compatible for Editor in 0.20 ms, found 0 plugins.
Preloading 0 native plugins for Editor in 0.00 ms.
Mono: successfully reloaded assembly
- Completed reload, in  0.753 seconds
Platform modules already initialized, skipping
Refreshing native plugins compatible for Editor in 0.20 ms, found 0 plugins.
Preloading 0 native plugins for Editor in 0.00 ms.
Unloading 1111 Unused Serialized files (Serialized files now loaded: 0)
System memory in use before: 69.5 MB.
System memory in use after: 69.5 MB.

Unloading 5 unused Assets to reduce memory usage. Loaded Objects now: 1617.
Total: 2.266200 ms (FindLiveObjects: 0.296500 ms CreateObjectMapping: 0.056900 ms MarkObjects: 1.840600 ms  DeleteObjects: 0.071400 ms)

========================================================================
Received Import Request.
  Time since last request: 36.860139 seconds.
  path: Assets/GliderMovement.cs
  artifactKey: Guid(5f4391901ccd4d5469c8ed522d8e25ae) Importer(815301076,1909f56bfc062723c751e8b465ee728b)
Start importing Assets/GliderMovement.cs using Guid(5f4391901ccd4d5469c8ed522d8e25ae) Importer(815301076,1909f56bfc062723c751e8b465ee728b)  -> (artifact id: '09e095248a19be55080b45e1c2dc441d') in 0.004459 seconds
  Import took 0.006977 seconds .

========================================================================
Received Prepare
Registering precompiled user dll's ...
Registered in 0.001274 seconds.
Begin MonoManager ReloadAssembly
Native extension for WindowsStandalone target not found
Refreshing native plugins compatible for Editor in 0.24 ms, found 0 plugins.
Preloading 0 native plugins for Editor in 0.00 ms.
Mono: successfully reloaded assembly
- Completed reload, in  0.757 seconds
Platform modules already initialized, skipping
Refreshing native plugins compatible for Editor in 0.20 ms, found 0 plugins.
Preloading 0 native plugins for Editor in 0.00 ms.
Unloading 1111 Unused Serialized files (Serialized files now loaded: 0)
System memory in use before: 69.5 MB.
System memory in use after: 69.5 MB.

Unloading 5 unused Assets to reduce memory usage. Loaded Objects now: 1620.
Total: 1.790600 ms (FindLiveObjects: 0.181800 ms CreateObjectMapping: 0.041700 ms MarkObjects: 1.444200 ms  DeleteObjects: 0.121900 ms)

========================================================================
Received Import Request.
  Time since last request: 13.141313 seconds.
  path: Assets/GliderMovement.cs
  artifactKey: Guid(5f4391901ccd4d5469c8ed522d8e25ae) Importer(815301076,1909f56bfc062723c751e8b465ee728b)
Start importing Assets/GliderMovement.cs using Guid(5f4391901ccd4d5469c8ed522d8e25ae) Importer(815301076,1909f56bfc062723c751e8b465ee728b)  -> (artifact id: '76982cdcc49aad7177a3475a2b1845f3') in 0.004331 seconds
  Import took 0.005871 seconds .

========================================================================
Received Import Request.
  Time since last request: 1.197313 seconds.
  path: Assets/GliderMovement.cs
  artifactKey: Guid(5f4391901ccd4d5469c8ed522d8e25ae) Importer(815301076,1909f56bfc062723c751e8b465ee728b)
Start importing Assets/GliderMovement.cs using Guid(5f4391901ccd4d5469c8ed522d8e25ae) Importer(815301076,1909f56bfc062723c751e8b465ee728b)  -> (artifact id: '76982cdcc49aad7177a3475a2b1845f3') in 0.003130 seconds
  Import took 0.004808 seconds .

========================================================================
Received Prepare
Registering precompiled user dll's ...
Registered in 0.000671 seconds.
Begin MonoManager ReloadAssembly
Native extension for WindowsStandalone target not found
Refreshing native plugins compatible for Editor in 0.18 ms, found 0 plugins.
Preloading 0 native plugins for Editor in 0.00 ms.
Mono: successfully reloaded assembly
- Completed reload, in  0.741 seconds
Platform modules already initialized, skipping
Refreshing native plugins compatible for Editor in 0.20 ms, found 0 plugins.
Preloading 0 native plugins for Editor in 0.00 ms.
Unloading 1111 Unused Serialized files (Serialized files now loaded: 0)
System memory in use before: 69.5 MB.
System memory in use after: 69.5 MB.

Unloading 5 unused Assets to reduce memory usage. Loaded Objects now: 1623.
Total: 1.612300 ms (FindLiveObjects: 0.293500 ms CreateObjectMapping: 0.037000 ms MarkObjects: 1.223100 ms  DeleteObjects: 0.057800 ms)

========================================================================
Received Import Request.
  Time since last request: 41.391731 seconds.
  path: Assets/GliderMovement.cs
  artifactKey: Guid(5f4391901ccd4d5469c8ed522d8e25ae) Importer(815301076,1909f56bfc062723c751e8b465ee728b)
Start importing Assets/GliderMovement.cs using Guid(5f4391901ccd4d5469c8ed522d8e25ae) Importer(815301076,1909f56bfc062723c751e8b465ee728b)  -> (artifact id: '027218548a1f93f6272fb5b79ebcbec8') in 0.006411 seconds
  Import took 0.008378 seconds .

========================================================================
Received Import Request.
  Time since last request: 1.043039 seconds.
  path: Assets/GliderMovement.cs
  artifactKey: Guid(5f4391901ccd4d5469c8ed522d8e25ae) Importer(815301076,1909f56bfc062723c751e8b465ee728b)
Start importing Assets/GliderMovement.cs using Guid(5f4391901ccd4d5469c8ed522d8e25ae) Importer(815301076,1909f56bfc062723c751e8b465ee728b)  -> (artifact id: '027218548a1f93f6272fb5b79ebcbec8') in 0.003549 seconds
  Import took 0.005447 seconds .

========================================================================
Received Prepare
Registering precompiled user dll's ...
Registered in 0.000885 seconds.
Begin MonoManager ReloadAssembly
Native extension for WindowsStandalone target not found
Refreshing native plugins compatible for Editor in 0.35 ms, found 0 plugins.
Preloading 0 native plugins for Editor in 0.00 ms.
Mono: successfully reloaded assembly
- Completed reload, in  0.742 seconds
Platform modules already initialized, skipping
Refreshing native plugins compatible for Editor in 0.19 ms, found 0 plugins.
Preloading 0 native plugins for Editor in 0.00 ms.
Unloading 1111 Unused Serialized files (Serialized files now loaded: 0)
System memory in use before: 69.5 MB.
System memory in use after: 69.6 MB.

Unloading 5 unused Assets to reduce memory usage. Loaded Objects now: 1626.
Total: 1.658800 ms (FindLiveObjects: 0.190500 ms CreateObjectMapping: 0.076400 ms MarkObjects: 1.286700 ms  DeleteObjects: 0.104000 ms)

========================================================================
Received Import Request.
  Time since last request: 53.766732 seconds.
  path: Assets/GliderMovement.cs
  artifactKey: Guid(5f4391901ccd4d5469c8ed522d8e25ae) Importer(815301076,1909f56bfc062723c751e8b465ee728b)
Start importing Assets/GliderMovement.cs using Guid(5f4391901ccd4d5469c8ed522d8e25ae) Importer(815301076,1909f56bfc062723c751e8b465ee728b)  -> (artifact id: 'b464a1e759fc4d06ad9893a6d1acb072') in 0.004359 seconds
  Import took 0.005994 seconds .

========================================================================
Received Import Request.
  Time since last request: 1.212069 seconds.
  path: Assets/GliderMovement.cs
  artifactKey: Guid(5f4391901ccd4d5469c8ed522d8e25ae) Importer(815301076,1909f56bfc062723c751e8b465ee728b)
Start importing Assets/GliderMovement.cs using Guid(5f4391901ccd4d5469c8ed522d8e25ae) Importer(815301076,1909f56bfc062723c751e8b465ee728b)  -> (artifact id: 'b464a1e759fc4d06ad9893a6d1acb072') in 0.002090 seconds
  Import took 0.003922 seconds .

========================================================================
Received Prepare
Registering precompiled user dll's ...
Registered in 0.000749 seconds.
Begin MonoManager ReloadAssembly
Native extension for WindowsStandalone target not found
Refreshing native plugins compatible for Editor in 0.21 ms, found 0 plugins.
Preloading 0 native plugins for Editor in 0.00 ms.
Mono: successfully reloaded assembly
- Completed reload, in  0.729 seconds
Platform modules already initialized, skipping
Refreshing native plugins compatible for Editor in 0.18 ms, found 0 plugins.
Preloading 0 native plugins for Editor in 0.00 ms.
Unloading 1111 Unused Serialized files (Serialized files now loaded: 0)
System memory in use before: 69.5 MB.
System memory in use after: 69.6 MB.

Unloading 5 unused Assets to reduce memory usage. Loaded Objects now: 1629.
Total: 1.756500 ms (FindLiveObjects: 0.241100 ms CreateObjectMapping: 0.092300 ms MarkObjects: 1.362700 ms  DeleteObjects: 0.059200 ms)

========================================================================
Received Import Request.
  Time since last request: 205.410746 seconds.
  path: Assets/GliderMovement.cs
  artifactKey: Guid(5f4391901ccd4d5469c8ed522d8e25ae) Importer(815301076,1909f56bfc062723c751e8b465ee728b)
Start importing Assets/GliderMovement.cs using Guid(5f4391901ccd4d5469c8ed522d8e25ae) Importer(815301076,1909f56bfc062723c751e8b465ee728b)  -> (artifact id: 'f27e6e75d4bc105f7c7a5290d732d5bd') in 0.004339 seconds
  Import took 0.005968 seconds .

========================================================================
Received Import Request.
  Time since last request: 1.521329 seconds.
  path: Assets/GliderMovement.cs
  artifactKey: Guid(5f4391901ccd4d5469c8ed522d8e25ae) Importer(815301076,1909f56bfc062723c751e8b465ee728b)
Start importing Assets/GliderMovement.cs using Guid(5f4391901ccd4d5469c8ed522d8e25ae) Importer(815301076,1909f56bfc062723c751e8b465ee728b)  -> (artifact id: 'f27e6e75d4bc105f7c7a5290d732d5bd') in 0.001916 seconds
  Import took 0.003493 seconds .

========================================================================
Received Prepare
Registering precompiled user dll's ...
Registered in 0.000590 seconds.
Begin MonoManager ReloadAssembly
Native extension for WindowsStandalone target not found
Refreshing native plugins compatible for Editor in 0.19 ms, found 0 plugins.
Preloading 0 native plugins for Editor in 0.00 ms.
Mono: successfully reloaded assembly
- Completed reload, in  0.725 seconds
Platform modules already initialized, skipping
Refreshing native plugins compatible for Editor in 0.19 ms, found 0 plugins.
Preloading 0 native plugins for Editor in 0.00 ms.
Unloading 1111 Unused Serialized files (Serialized files now loaded: 0)
System memory in use before: 69.5 MB.
System memory in use after: 69.6 MB.

Unloading 5 unused Assets to reduce memory usage. Loaded Objects now: 1632.
Total: 2.271400 ms (FindLiveObjects: 0.223900 ms CreateObjectMapping: 0.094300 ms MarkObjects: 1.824900 ms  DeleteObjects: 0.127400 ms)

========================================================================
Received Import Request.
  Time since last request: 87.154813 seconds.
  path: Assets/GliderMovement.cs
  artifactKey: Guid(5f4391901ccd4d5469c8ed522d8e25ae) Importer(815301076,1909f56bfc062723c751e8b465ee728b)
Start importing Assets/GliderMovement.cs using Guid(5f4391901ccd4d5469c8ed522d8e25ae) Importer(815301076,1909f56bfc062723c751e8b465ee728b)  -> (artifact id: '317d9dc44589ed09e8a0e9ef8506902e') in 0.006352 seconds
  Import took 0.008121 seconds .

========================================================================
Received Import Request.
  Time since last request: 1.181308 seconds.
  path: Assets/GliderMovement.cs
  artifactKey: Guid(5f4391901ccd4d5469c8ed522d8e25ae) Importer(815301076,1909f56bfc062723c751e8b465ee728b)
Start importing Assets/GliderMovement.cs using Guid(5f4391901ccd4d5469c8ed522d8e25ae) Importer(815301076,1909f56bfc062723c751e8b465ee728b)  -> (artifact id: '317d9dc44589ed09e8a0e9ef8506902e') in 0.003533 seconds
  Import took 0.005531 seconds .

========================================================================
Received Prepare
Registering precompiled user dll's ...
Registered in 0.001052 seconds.
Begin MonoManager ReloadAssembly
Native extension for WindowsStandalone target not found
Refreshing native plugins compatible for Editor in 0.22 ms, found 0 plugins.
Preloading 0 native plugins for Editor in 0.00 ms.
Mono: successfully reloaded assembly
- Completed reload, in  0.727 seconds
Platform modules already initialized, skipping
Refreshing native plugins compatible for Editor in 0.19 ms, found 0 plugins.
Preloading 0 native plugins for Editor in 0.00 ms.
Unloading 1111 Unused Serialized files (Serialized files now loaded: 0)
System memory in use before: 69.5 MB.
System memory in use after: 69.6 MB.

Unloading 5 unused Assets to reduce memory usage. Loaded Objects now: 1635.
Total: 2.011700 ms (FindLiveObjects: 0.249100 ms CreateObjectMapping: 0.085000 ms MarkObjects: 1.592500 ms  DeleteObjects: 0.084000 ms)

========================================================================
Received Import Request.
  Time since last request: 28.408101 seconds.
  path: Assets/GliderMovement.cs
  artifactKey: Guid(5f4391901ccd4d5469c8ed522d8e25ae) Importer(815301076,1909f56bfc062723c751e8b465ee728b)
Start importing Assets/GliderMovement.cs using Guid(5f4391901ccd4d5469c8ed522d8e25ae) Importer(815301076,1909f56bfc062723c751e8b465ee728b)  -> (artifact id: '1f9ca7a396cd4b9da1e486d465f8be8f') in 0.006334 seconds
  Import took 0.008168 seconds .

========================================================================
Received Prepare
Registering precompiled user dll's ...
Registered in 0.000740 seconds.
Begin MonoManager ReloadAssembly
Native extension for WindowsStandalone target not found
Refreshing native plugins compatible for Editor in 0.20 ms, found 0 plugins.
Preloading 0 native plugins for Editor in 0.00 ms.
Mono: successfully reloaded assembly
- Completed reload, in  0.722 seconds
Platform modules already initialized, skipping
Refreshing native plugins compatible for Editor in 0.19 ms, found 0 plugins.
Preloading 0 native plugins for Editor in 0.00 ms.
Unloading 1111 Unused Serialized files (Serialized files now loaded: 0)
System memory in use before: 69.6 MB.
System memory in use after: 69.6 MB.

Unloading 5 unused Assets to reduce memory usage. Loaded Objects now: 1638.
Total: 2.269500 ms (FindLiveObjects: 0.363600 ms CreateObjectMapping: 0.114600 ms MarkObjects: 1.732200 ms  DeleteObjects: 0.058400 ms)

========================================================================
Received Import Request.
  Time since last request: 40.308682 seconds.
  path: Assets/GliderMovement.cs
  artifactKey: Guid(5f4391901ccd4d5469c8ed522d8e25ae) Importer(815301076,1909f56bfc062723c751e8b465ee728b)
Start importing Assets/GliderMovement.cs using Guid(5f4391901ccd4d5469c8ed522d8e25ae) Importer(815301076,1909f56bfc062723c751e8b465ee728b)  -> (artifact id: 'c4edbe46d29070b515135d21a9c24af1') in 0.004194 seconds
  Import took 0.005936 seconds .

========================================================================
Received Prepare
Registering precompiled user dll's ...
Registered in 0.000834 seconds.
Begin MonoManager ReloadAssembly
Native extension for WindowsStandalone target not found
Refreshing native plugins compatible for Editor in 0.19 ms, found 0 plugins.
Preloading 0 native plugins for Editor in 0.00 ms.
Mono: successfully reloaded assembly
- Completed reload, in  0.701 seconds
Platform modules already initialized, skipping
Refreshing native plugins compatible for Editor in 0.24 ms, found 0 plugins.
Preloading 0 native plugins for Editor in 0.00 ms.
Unloading 1111 Unused Serialized files (Serialized files now loaded: 0)
System memory in use before: 69.6 MB.
System memory in use after: 69.6 MB.

Unloading 5 unused Assets to reduce memory usage. Loaded Objects now: 1641.
Total: 2.131400 ms (FindLiveObjects: 0.273400 ms CreateObjectMapping: 0.093100 ms MarkObjects: 1.671200 ms  DeleteObjects: 0.091100 ms)

========================================================================
Received Import Request.
  Time since last request: 139.989457 seconds.
  path: Assets/GliderMovement.cs
  artifactKey: Guid(5f4391901ccd4d5469c8ed522d8e25ae) Importer(815301076,1909f56bfc062723c751e8b465ee728b)
Start importing Assets/GliderMovement.cs using Guid(5f4391901ccd4d5469c8ed522d8e25ae) Importer(815301076,1909f56bfc062723c751e8b465ee728b)  -> (artifact id: '40778a1617b90c9fe1244a10024c2938') in 0.004822 seconds
  Import took 0.007339 seconds .

========================================================================
Received Import Request.
  Time since last request: 1.107396 seconds.
  path: Assets/GliderMovement.cs
  artifactKey: Guid(5f4391901ccd4d5469c8ed522d8e25ae) Importer(815301076,1909f56bfc062723c751e8b465ee728b)
Start importing Assets/GliderMovement.cs using Guid(5f4391901ccd4d5469c8ed522d8e25ae) Importer(815301076,1909f56bfc062723c751e8b465ee728b)  -> (artifact id: '40778a1617b90c9fe1244a10024c2938') in 0.001825 seconds
  Import took 0.003359 seconds .

========================================================================
Received Prepare
Registering precompiled user dll's ...
Registered in 0.000637 seconds.
Begin MonoManager ReloadAssembly
Native extension for WindowsStandalone target not found
Refreshing native plugins compatible for Editor in 0.26 ms, found 0 plugins.
Preloading 0 native plugins for Editor in 0.00 ms.
Mono: successfully reloaded assembly
- Completed reload, in  0.741 seconds
Platform modules already initialized, skipping
Refreshing native plugins compatible for Editor in 0.19 ms, found 0 plugins.
Preloading 0 native plugins for Editor in 0.00 ms.
Unloading 1111 Unused Serialized files (Serialized files now loaded: 0)
System memory in use before: 69.6 MB.
System memory in use after: 69.6 MB.

Unloading 5 unused Assets to reduce memory usage. Loaded Objects now: 1644.
Total: 1.674800 ms (FindLiveObjects: 0.218700 ms CreateObjectMapping: 0.070400 ms MarkObjects: 1.324700 ms  DeleteObjects: 0.060100 ms)

========================================================================
Received Import Request.
  Time since last request: 59.888810 seconds.
  path: Assets/GliderMovement.cs
  artifactKey: Guid(5f4391901ccd4d5469c8ed522d8e25ae) Importer(815301076,1909f56bfc062723c751e8b465ee728b)
Start importing Assets/GliderMovement.cs using Guid(5f4391901ccd4d5469c8ed522d8e25ae) Importer(815301076,1909f56bfc062723c751e8b465ee728b)  -> (artifact id: 'ff5e9f1f281e80239ae60fe94a52d129') in 0.003973 seconds
  Import took 0.005923 seconds .

========================================================================
Received Import Request.
  Time since last request: 1.096909 seconds.
  path: Assets/GliderMovement.cs
  artifactKey: Guid(5f4391901ccd4d5469c8ed522d8e25ae) Importer(815301076,1909f56bfc062723c751e8b465ee728b)
Start importing Assets/GliderMovement.cs using Guid(5f4391901ccd4d5469c8ed522d8e25ae) Importer(815301076,1909f56bfc062723c751e8b465ee728b)  -> (artifact id: 'ff5e9f1f281e80239ae60fe94a52d129') in 0.002076 seconds
  Import took 0.003576 seconds .

========================================================================
Received Prepare
Registering precompiled user dll's ...
Registered in 0.000950 seconds.
Begin MonoManager ReloadAssembly
Native extension for WindowsStandalone target not found
Refreshing native plugins compatible for Editor in 0.26 ms, found 0 plugins.
Preloading 0 native plugins for Editor in 0.00 ms.
Mono: successfully reloaded assembly
- Completed reload, in  0.746 seconds
Platform modules already initialized, skipping
Refreshing native plugins compatible for Editor in 0.21 ms, found 0 plugins.
Preloading 0 native plugins for Editor in 0.00 ms.
Unloading 1111 Unused Serialized files (Serialized files now loaded: 0)
System memory in use before: 69.6 MB.
System memory in use after: 69.6 MB.

Unloading 5 unused Assets to reduce memory usage. Loaded Objects now: 1647.
Total: 1.760600 ms (FindLiveObjects: 0.147600 ms CreateObjectMapping: 0.045900 ms MarkObjects: 1.481400 ms  DeleteObjects: 0.084500 ms)

========================================================================
Received Import Request.
  Time since last request: 92.900121 seconds.
  path: Assets/GliderMovement.cs
  artifactKey: Guid(5f4391901ccd4d5469c8ed522d8e25ae) Importer(815301076,1909f56bfc062723c751e8b465ee728b)
Start importing Assets/GliderMovement.cs using Guid(5f4391901ccd4d5469c8ed522d8e25ae) Importer(815301076,1909f56bfc062723c751e8b465ee728b)  -> (artifact id: '7c36f5e2389b5ed3c845772b4b6dc2ed') in 0.007805 seconds
  Import took 0.010216 seconds .

========================================================================
Received Import Request.
  Time since last request: 1.180259 seconds.
  path: Assets/GliderMovement.cs
  artifactKey: Guid(5f4391901ccd4d5469c8ed522d8e25ae) Importer(815301076,1909f56bfc062723c751e8b465ee728b)
Start importing Assets/GliderMovement.cs using Guid(5f4391901ccd4d5469c8ed522d8e25ae) Importer(815301076,1909f56bfc062723c751e8b465ee728b)  -> (artifact id: '7c36f5e2389b5ed3c845772b4b6dc2ed') in 0.003075 seconds
  Import took 0.004619 seconds .

========================================================================
Received Prepare
Registering precompiled user dll's ...
Registered in 0.000627 seconds.
Begin MonoManager ReloadAssembly
Native extension for WindowsStandalone target not found
Refreshing native plugins compatible for Editor in 0.20 ms, found 0 plugins.
Preloading 0 native plugins for Editor in 0.00 ms.
Mono: successfully reloaded assembly
- Completed reload, in  0.747 seconds
Platform modules already initialized, skipping
Refreshing native plugins compatible for Editor in 0.19 ms, found 0 plugins.
Preloading 0 native plugins for Editor in 0.00 ms.
Unloading 1111 Unused Serialized files (Serialized files now loaded: 0)
System memory in use before: 69.6 MB.
System memory in use after: 69.6 MB.

Unloading 5 unused Assets to reduce memory usage. Loaded Objects now: 1650.
Total: 1.941100 ms (FindLiveObjects: 0.218800 ms CreateObjectMapping: 0.063400 ms MarkObjects: 1.560200 ms  DeleteObjects: 0.097700 ms)

========================================================================
Received Import Request.
  Time since last request: 19.237833 seconds.
  path: Assets/GliderMovement.cs
  artifactKey: Guid(5f4391901ccd4d5469c8ed522d8e25ae) Importer(815301076,1909f56bfc062723c751e8b465ee728b)
Start importing Assets/GliderMovement.cs using Guid(5f4391901ccd4d5469c8ed522d8e25ae) Importer(815301076,1909f56bfc062723c751e8b465ee728b)  -> (artifact id: 'f31bffa36fb5249fbb0c69ee22e35876') in 0.004278 seconds
  Import took 0.006322 seconds .

========================================================================
Received Import Request.
  Time since last request: 1.126935 seconds.
  path: Assets/GliderMovement.cs
  artifactKey: Guid(5f4391901ccd4d5469c8ed522d8e25ae) Importer(815301076,1909f56bfc062723c751e8b465ee728b)
Start importing Assets/GliderMovement.cs using Guid(5f4391901ccd4d5469c8ed522d8e25ae) Importer(815301076,1909f56bfc062723c751e8b465ee728b)  -> (artifact id: 'f31bffa36fb5249fbb0c69ee22e35876') in 0.003361 seconds
  Import took 0.005281 seconds .

========================================================================
Received Prepare
Registering precompiled user dll's ...
Registered in 0.000861 seconds.
Begin MonoManager ReloadAssembly
Native extension for WindowsStandalone target not found
Refreshing native plugins compatible for Editor in 0.20 ms, found 0 plugins.
Preloading 0 native plugins for Editor in 0.00 ms.
Mono: successfully reloaded assembly
- Completed reload, in  0.727 seconds
Platform modules already initialized, skipping
Refreshing native plugins compatible for Editor in 0.19 ms, found 0 plugins.
Preloading 0 native plugins for Editor in 0.00 ms.
Unloading 1111 Unused Serialized files (Serialized files now loaded: 0)
System memory in use before: 69.6 MB.
System memory in use after: 69.7 MB.

Unloading 5 unused Assets to reduce memory usage. Loaded Objects now: 1653.
Total: 2.063700 ms (FindLiveObjects: 0.232500 ms CreateObjectMapping: 0.095700 ms MarkObjects: 1.647600 ms  DeleteObjects: 0.086900 ms)

========================================================================
Received Import Request.
  Time since last request: 25.308668 seconds.
  path: Assets/GliderMovement.cs
  artifactKey: Guid(5f4391901ccd4d5469c8ed522d8e25ae) Importer(815301076,1909f56bfc062723c751e8b465ee728b)
Start importing Assets/GliderMovement.cs using Guid(5f4391901ccd4d5469c8ed522d8e25ae) Importer(815301076,1909f56bfc062723c751e8b465ee728b)  -> (artifact id: '0d787d71f83b624d3b13fe19ed52630e') in 0.004278 seconds
  Import took 0.006101 seconds .

========================================================================
Received Import Request.
  Time since last request: 1.124737 seconds.
  path: Assets/GliderMovement.cs
  artifactKey: Guid(5f4391901ccd4d5469c8ed522d8e25ae) Importer(815301076,1909f56bfc062723c751e8b465ee728b)
Start importing Assets/GliderMovement.cs using Guid(5f4391901ccd4d5469c8ed522d8e25ae) Importer(815301076,1909f56bfc062723c751e8b465ee728b)  -> (artifact id: '0d787d71f83b624d3b13fe19ed52630e') in 0.004074 seconds
  Import took 0.005954 seconds .

========================================================================
Received Prepare
Registering precompiled user dll's ...
Registered in 0.000952 seconds.
Begin MonoManager ReloadAssembly
Native extension for WindowsStandalone target not found
Refreshing native plugins compatible for Editor in 0.21 ms, found 0 plugins.
Preloading 0 native plugins for Editor in 0.00 ms.
Mono: successfully reloaded assembly
- Completed reload, in  0.743 seconds
Platform modules already initialized, skipping
Refreshing native plugins compatible for Editor in 0.19 ms, found 0 plugins.
Preloading 0 native plugins for Editor in 0.00 ms.
Unloading 1111 Unused Serialized files (Serialized files now loaded: 0)
System memory in use before: 69.6 MB.
System memory in use after: 69.7 MB.

Unloading 5 unused Assets to reduce memory usage. Loaded Objects now: 1656.
Total: 2.070700 ms (FindLiveObjects: 0.262000 ms CreateObjectMapping: 0.036600 ms MarkObjects: 1.667100 ms  DeleteObjects: 0.104300 ms)

========================================================================
Received Import Request.
  Time since last request: 14.797670 seconds.
  path: Assets/GliderMovement.cs
  artifactKey: Guid(5f4391901ccd4d5469c8ed522d8e25ae) Importer(815301076,1909f56bfc062723c751e8b465ee728b)
Start importing Assets/GliderMovement.cs using Guid(5f4391901ccd4d5469c8ed522d8e25ae) Importer(815301076,1909f56bfc062723c751e8b465ee728b)  -> (artifact id: '609d6d1324c123e1169c2493d82c8d0b') in 0.004457 seconds
  Import took 0.006493 seconds .

========================================================================
Received Import Request.
  Time since last request: 1.028847 seconds.
  path: Assets/GliderMovement.cs
  artifactKey: Guid(5f4391901ccd4d5469c8ed522d8e25ae) Importer(815301076,1909f56bfc062723c751e8b465ee728b)
Start importing Assets/GliderMovement.cs using Guid(5f4391901ccd4d5469c8ed522d8e25ae) Importer(815301076,1909f56bfc062723c751e8b465ee728b)  -> (artifact id: '609d6d1324c123e1169c2493d82c8d0b') in 0.003088 seconds
  Import took 0.004722 seconds .

========================================================================
Received Prepare
Registering precompiled user dll's ...
Registered in 0.000800 seconds.
Begin MonoManager ReloadAssembly
Native extension for WindowsStandalone target not found
Refreshing native plugins compatible for Editor in 0.27 ms, found 0 plugins.
Preloading 0 native plugins for Editor in 0.00 ms.
Mono: successfully reloaded assembly
- Completed reload, in  0.738 seconds
Platform modules already initialized, skipping
Refreshing native plugins compatible for Editor in 0.18 ms, found 0 plugins.
Preloading 0 native plugins for Editor in 0.00 ms.
Unloading 1111 Unused Serialized files (Serialized files now loaded: 0)
System memory in use before: 69.6 MB.
System memory in use after: 69.7 MB.

Unloading 5 unused Assets to reduce memory usage. Loaded Objects now: 1659.
Total: 1.553400 ms (FindLiveObjects: 0.136200 ms CreateObjectMapping: 0.035700 ms MarkObjects: 1.264000 ms  DeleteObjects: 0.101000 ms)

========================================================================
Received Import Request.
  Time since last request: 110.407244 seconds.
  path: Assets/GliderMovement.cs
  artifactKey: Guid(5f4391901ccd4d5469c8ed522d8e25ae) Importer(815301076,1909f56bfc062723c751e8b465ee728b)
Start importing Assets/GliderMovement.cs using Guid(5f4391901ccd4d5469c8ed522d8e25ae) Importer(815301076,1909f56bfc062723c751e8b465ee728b)  -> (artifact id: '75b6eefc2455b5a692b3eb9f37e7502f') in 0.004039 seconds
  Import took 0.005928 seconds .

========================================================================
Received Import Request.
  Time since last request: 1.082900 seconds.
  path: Assets/GliderMovement.cs
  artifactKey: Guid(5f4391901ccd4d5469c8ed522d8e25ae) Importer(815301076,1909f56bfc062723c751e8b465ee728b)
Start importing Assets/GliderMovement.cs using Guid(5f4391901ccd4d5469c8ed522d8e25ae) Importer(815301076,1909f56bfc062723c751e8b465ee728b)  -> (artifact id: '75b6eefc2455b5a692b3eb9f37e7502f') in 0.003380 seconds
  Import took 0.005233 seconds .

========================================================================
Received Prepare
Registering precompiled user dll's ...
Registered in 0.000658 seconds.
Begin MonoManager ReloadAssembly
Native extension for WindowsStandalone target not found
Refreshing native plugins compatible for Editor in 0.22 ms, found 0 plugins.
Preloading 0 native plugins for Editor in 0.00 ms.
Mono: successfully reloaded assembly
- Completed reload, in  0.734 seconds
Platform modules already initialized, skipping
Refreshing native plugins compatible for Editor in 0.20 ms, found 0 plugins.
Preloading 0 native plugins for Editor in 0.00 ms.
Unloading 1111 Unused Serialized files (Serialized files now loaded: 0)
System memory in use before: 69.6 MB.
System memory in use after: 69.7 MB.

Unloading 5 unused Assets to reduce memory usage. Loaded Objects now: 1662.
Total: 2.210800 ms (FindLiveObjects: 0.233900 ms CreateObjectMapping: 0.088400 ms MarkObjects: 1.825500 ms  DeleteObjects: 0.061500 ms)

========================================================================
Received Import Request.
  Time since last request: 28.424183 seconds.
  path: Assets/GliderMovement.cs
  artifactKey: Guid(5f4391901ccd4d5469c8ed522d8e25ae) Importer(815301076,1909f56bfc062723c751e8b465ee728b)
Start importing Assets/GliderMovement.cs using Guid(5f4391901ccd4d5469c8ed522d8e25ae) Importer(815301076,1909f56bfc062723c751e8b465ee728b)  -> (artifact id: '6fd720c7e964609abb3b4dffdce4b911') in 0.006319 seconds
  Import took 0.008168 seconds .

========================================================================
Received Import Request.
  Time since last request: 1.044825 seconds.
  path: Assets/GliderMovement.cs
  artifactKey: Guid(5f4391901ccd4d5469c8ed522d8e25ae) Importer(815301076,1909f56bfc062723c751e8b465ee728b)
Start importing Assets/GliderMovement.cs using Guid(5f4391901ccd4d5469c8ed522d8e25ae) Importer(815301076,1909f56bfc062723c751e8b465ee728b)  -> (artifact id: '6fd720c7e964609abb3b4dffdce4b911') in 0.003348 seconds
  Import took 0.005274 seconds .

========================================================================
Received Prepare
Registering precompiled user dll's ...
Registered in 0.000975 seconds.
Begin MonoManager ReloadAssembly
Native extension for WindowsStandalone target not found
Refreshing native plugins compatible for Editor in 0.19 ms, found 0 plugins.
Preloading 0 native plugins for Editor in 0.00 ms.
Mono: successfully reloaded assembly
- Completed reload, in  0.759 seconds
Platform modules already initialized, skipping
Refreshing native plugins compatible for Editor in 0.26 ms, found 0 plugins.
Preloading 0 native plugins for Editor in 0.00 ms.
Unloading 1111 Unused Serialized files (Serialized files now loaded: 0)
System memory in use before: 69.6 MB.
System memory in use after: 69.7 MB.

Unloading 5 unused Assets to reduce memory usage. Loaded Objects now: 1665.
Total: 1.899300 ms (FindLiveObjects: 0.163800 ms CreateObjectMapping: 0.058600 ms MarkObjects: 1.575100 ms  DeleteObjects: 0.101000 ms)

========================================================================
Received Import Request.
  Time since last request: 79.986536 seconds.
  path: Assets/GliderMovement.cs
  artifactKey: Guid(5f4391901ccd4d5469c8ed522d8e25ae) Importer(815301076,1909f56bfc062723c751e8b465ee728b)
Start importing Assets/GliderMovement.cs using Guid(5f4391901ccd4d5469c8ed522d8e25ae) Importer(815301076,1909f56bfc062723c751e8b465ee728b)  -> (artifact id: '69041d23eceb6db2e0dd8880f6b58b84') in 0.004399 seconds
  Import took 0.006380 seconds .

========================================================================
Received Import Request.
  Time since last request: 1.253038 seconds.
  path: Assets/GliderMovement.cs
  artifactKey: Guid(5f4391901ccd4d5469c8ed522d8e25ae) Importer(815301076,1909f56bfc062723c751e8b465ee728b)
Start importing Assets/GliderMovement.cs using Guid(5f4391901ccd4d5469c8ed522d8e25ae) Importer(815301076,1909f56bfc062723c751e8b465ee728b)  -> (artifact id: '69041d23eceb6db2e0dd8880f6b58b84') in 0.002033 seconds
  Import took 0.003813 seconds .

========================================================================
Received Prepare
Registering precompiled user dll's ...
Registered in 0.000947 seconds.
Begin MonoManager ReloadAssembly
Native extension for WindowsStandalone target not found
Refreshing native plugins compatible for Editor in 0.30 ms, found 0 plugins.
Preloading 0 native plugins for Editor in 0.00 ms.
Mono: successfully reloaded assembly
- Completed reload, in  0.697 seconds
Platform modules already initialized, skipping
Refreshing native plugins compatible for Editor in 0.18 ms, found 0 plugins.
Preloading 0 native plugins for Editor in 0.00 ms.
Unloading 1111 Unused Serialized files (Serialized files now loaded: 0)
System memory in use before: 69.6 MB.
System memory in use after: 69.7 MB.

Unloading 5 unused Assets to reduce memory usage. Loaded Objects now: 1668.
Total: 2.008600 ms (FindLiveObjects: 0.231000 ms CreateObjectMapping: 0.066400 ms MarkObjects: 1.590600 ms  DeleteObjects: 0.119100 ms)

========================================================================
Received Prepare
Registering precompiled user dll's ...
Registered in 0.000532 seconds.
Begin MonoManager ReloadAssembly
Native extension for WindowsStandalone target not found
Refreshing native plugins compatible for Editor in 0.26 ms, found 0 plugins.
Preloading 0 native plugins for Editor in 0.00 ms.
Mono: successfully reloaded assembly
- Completed reload, in  0.731 seconds
Platform modules already initialized, skipping
Refreshing native plugins compatible for Editor in 0.18 ms, found 0 plugins.
Preloading 0 native plugins for Editor in 0.00 ms.
Unloading 1111 Unused Serialized files (Serialized files now loaded: 0)
System memory in use before: 69.6 MB.
System memory in use after: 69.7 MB.

Unloading 5 unused Assets to reduce memory usage. Loaded Objects now: 1671.
Total: 1.937300 ms (FindLiveObjects: 0.242700 ms CreateObjectMapping: 0.121700 ms MarkObjects: 1.502700 ms  DeleteObjects: 0.069000 ms)

========================================================================
Received Prepare
Registering precompiled user dll's ...
Registered in 0.000714 seconds.
Begin MonoManager ReloadAssembly
Native extension for WindowsStandalone target not found
Refreshing native plugins compatible for Editor in 0.22 ms, found 0 plugins.
Preloading 0 native plugins for Editor in 0.00 ms.
Mono: successfully reloaded assembly
- Completed reload, in  0.733 seconds
Platform modules already initialized, skipping
Refreshing native plugins compatible for Editor in 0.19 ms, found 0 plugins.
Preloading 0 native plugins for Editor in 0.00 ms.
Unloading 1111 Unused Serialized files (Serialized files now loaded: 0)
System memory in use before: 69.6 MB.
System memory in use after: 69.7 MB.

Unloading 5 unused Assets to reduce memory usage. Loaded Objects now: 1674.
Total: 1.587300 ms (FindLiveObjects: 0.158300 ms CreateObjectMapping: 0.055400 ms MarkObjects: 1.261400 ms  DeleteObjects: 0.111100 ms)

